<?xml version="1.0" encoding="UTF-8"?>
<!-- Generated by org.testng.reporters.JUnitReportReporter -->
<testsuite hostname="DESKTOP-OPADHTF" failures="0" tests="1" name="module_07.Ass_04_PlainText" time="22.346" errors="0" timestamp="2025-02-11T15:30:15 IST" skipped="0">
  <testcase classname="module_07.Ass_04_PlainText" name="printtext" time="22.346"/>
  <system-out/>
</testsuite> <!-- module_07.Ass_04_PlainText -->
