<?xml version="1.0" encoding="UTF-8"?>
<!-- Generated by org.testng.reporters.JUnitReportReporter -->
<testsuite hostname="DESKTOP-OPADHTF" failures="0" tests="1" name="module_09.Ass_01_TestNG_SauceDemo" time="17.443" errors="0" timestamp="2025-02-13T14:56:16 IST" skipped="0">
  <testcase classname="module_09.Ass_01_TestNG_SauceDemo" name="loginsaucedemo" time="17.443"/>
  <system-out/>
</testsuite> <!-- module_09.Ass_01_TestNG_SauceDemo -->
