<?xml version="1.0" encoding="UTF-8"?>
<!-- Generated by org.testng.reporters.JUnitReportReporter -->
<testsuite hostname="DESKTOP-OPADHTF" failures="0" tests="1" name="module_08.Ass_01_Synchronization_JavaRobot" time="33.001" errors="0" timestamp="2025-02-13T14:26:13 IST" skipped="0">
  <testcase classname="module_08.Ass_01_Synchronization_JavaRobot" name="downloadfile" time="33.001"/>
  <system-out/>
</testsuite> <!-- module_08.Ass_01_Synchronization_JavaRobot -->
